d:\users\t3\source\repos\tunip3\super-haxagon\winrt\x64\debug\quit.obj
d:\users\t3\source\repos\tunip3\super-haxagon\winrt\x64\debug\structs.obj
d:\users\t3\source\repos\tunip3\super-haxagon\winrt\x64\debug\metadata.obj
d:\users\t3\source\repos\tunip3\super-haxagon\winrt\x64\debug\wall.obj
d:\users\t3\source\repos\tunip3\super-haxagon\winrt\x64\debug\pattern.obj
d:\users\t3\source\repos\tunip3\super-haxagon\winrt\x64\debug\over.obj
d:\users\t3\source\repos\tunip3\super-haxagon\winrt\x64\debug\game.obj
d:\users\t3\source\repos\tunip3\super-haxagon\winrt\x64\debug\level.obj
d:\users\t3\source\repos\tunip3\super-haxagon\winrt\x64\debug\win.obj
d:\users\t3\source\repos\tunip3\super-haxagon\winrt\x64\debug\transition.obj
d:\users\t3\source\repos\tunip3\super-haxagon\winrt\x64\debug\play.obj
d:\users\t3\source\repos\tunip3\super-haxagon\winrt\x64\debug\menu.obj
d:\users\t3\source\repos\tunip3\super-haxagon\winrt\x64\debug\load.obj
d:\users\t3\source\repos\tunip3\super-haxagon\winrt\x64\debug\sdl_winrt_main_nonxaml.obj
d:\users\t3\source\repos\tunip3\super-haxagon\winrt\x64\debug\main.obj
d:\users\t3\source\repos\tunip3\super-haxagon\winrt\x64\debug\platformwin.obj
d:\users\t3\source\repos\tunip3\super-haxagon\winrt\x64\debug\winrt.vcxprojassemblyreference.cache
d:\users\t3\source\repos\tunip3\super-haxagon\winrt\x64\debug\vc142.idb
d:\users\t3\source\repos\tunip3\super-haxagon\winrt\x64\debug\vc142.pdb
d:\users\t3\source\repos\tunip3\super-haxagon\winrt\x64\debug\winrt\winrt.pdb
d:\users\t3\source\repos\tunip3\super-haxagon\winrt\x64\debug\winrt.tlog\cl.command.1.tlog
d:\users\t3\source\repos\tunip3\super-haxagon\winrt\x64\debug\winrt.tlog\cl.read.1.tlog
d:\users\t3\source\repos\tunip3\super-haxagon\winrt\x64\debug\winrt.tlog\cl.write.1.tlog
d:\users\t3\source\repos\tunip3\super-haxagon\winrt\x64\debug\winrt.tlog\link.command.1.tlog
d:\users\t3\source\repos\tunip3\super-haxagon\winrt\x64\debug\winrt.tlog\link.read.1.tlog
d:\users\t3\source\repos\tunip3\super-haxagon\winrt\x64\debug\winrt.tlog\link.write.1.tlog
d:\users\t3\source\repos\tunip3\super-haxagon\winrt\generated files\app.g.h
d:\users\t3\source\repos\tunip3\super-haxagon\winrt\generated files\mainpage.g.h
d:\users\t3\source\repos\tunip3\super-haxagon\winrt\generated files\xamlbindinginfo.g.h
d:\users\t3\source\repos\tunip3\super-haxagon\winrt\generated files\xamltypeinfo.g.h
d:\users\t3\source\repos\tunip3\super-haxagon\winrt\generated files\xamllibmetadataprovider.g.cpp
d:\users\t3\source\repos\tunip3\super-haxagon\winrt\generated files\xamltypeinfo.impl.g.cpp
